2019-12-30 20:23:31.646  INFO 5644 --- [main] cinep.app.cinep.CinepApplication         : Starting CinepApplication on LAPTOP-BGLI22HP with PID 5644 (C:\Users\Ilja\IdeaProjects\cinep\out\production\classes started by Ilja in C:\Users\Ilja\IdeaProjects\cinep)
2019-12-30 20:23:31.648  INFO 5644 --- [main] cinep.app.cinep.CinepApplication         : No active profile set, falling back to default profiles: default
2019-12-30 20:23:33.106  INFO 5644 --- [main] .s.d.r.c.RepositoryConfigurationDelegate : Bootstrapping Spring Data repositories in DEFAULT mode.
2019-12-30 20:23:33.237  INFO 5644 --- [main] .s.d.r.c.RepositoryConfigurationDelegate : Finished Spring Data repository scanning in 105ms. Found 3 repository interfaces.
2019-12-30 20:23:33.717  INFO 5644 --- [main] trationDelegate$BeanPostProcessorChecker : Bean 'org.springframework.transaction.annotation.ProxyTransactionManagementConfiguration' of type [org.springframework.transaction.annotation.ProxyTransactionManagementConfiguration] is not eligible for getting processed by all BeanPostProcessors (for example: not eligible for auto-proxying)
2019-12-30 20:23:33.772  INFO 5644 --- [main] trationDelegate$BeanPostProcessorChecker : Bean 'org.springframework.security.config.annotation.configuration.ObjectPostProcessorConfiguration' of type [org.springframework.security.config.annotation.configuration.ObjectPostProcessorConfiguration] is not eligible for getting processed by all BeanPostProcessors (for example: not eligible for auto-proxying)
2019-12-30 20:23:33.776  INFO 5644 --- [main] trationDelegate$BeanPostProcessorChecker : Bean 'objectPostProcessor' of type [org.springframework.security.config.annotation.configuration.AutowireBeanFactoryObjectPostProcessor] is not eligible for getting processed by all BeanPostProcessors (for example: not eligible for auto-proxying)
2019-12-30 20:23:33.780  INFO 5644 --- [main] trationDelegate$BeanPostProcessorChecker : Bean 'org.springframework.security.access.expression.method.DefaultMethodSecurityExpressionHandler@b0a1231' of type [org.springframework.security.access.expression.method.DefaultMethodSecurityExpressionHandler] is not eligible for getting processed by all BeanPostProcessors (for example: not eligible for auto-proxying)
2019-12-30 20:23:33.782  INFO 5644 --- [main] trationDelegate$BeanPostProcessorChecker : Bean 'org.springframework.security.config.annotation.method.configuration.GlobalMethodSecurityConfiguration' of type [org.springframework.security.config.annotation.method.configuration.GlobalMethodSecurityConfiguration] is not eligible for getting processed by all BeanPostProcessors (for example: not eligible for auto-proxying)
2019-12-30 20:23:33.787  INFO 5644 --- [main] trationDelegate$BeanPostProcessorChecker : Bean 'methodSecurityMetadataSource' of type [org.springframework.security.access.method.DelegatingMethodSecurityMetadataSource] is not eligible for getting processed by all BeanPostProcessors (for example: not eligible for auto-proxying)
2019-12-30 20:23:34.299  INFO 5644 --- [main] o.s.b.w.embedded.tomcat.TomcatWebServer  : Tomcat initialized with port(s): 8080 (http)
2019-12-30 20:23:34.314  INFO 5644 --- [main] o.apache.catalina.core.StandardService   : Starting service [Tomcat]
2019-12-30 20:23:34.315  INFO 5644 --- [main] org.apache.catalina.core.StandardEngine  : Starting Servlet engine: [Apache Tomcat/9.0.27]
2019-12-30 20:23:34.485  INFO 5644 --- [main] o.a.c.c.C.[Tomcat].[localhost].[/api]    : Initializing Spring embedded WebApplicationContext
2019-12-30 20:23:34.486  INFO 5644 --- [main] o.s.web.context.ContextLoader            : Root WebApplicationContext: initialization completed in 2788 ms
2019-12-30 20:23:34.719  INFO 5644 --- [main] com.zaxxer.hikari.HikariDataSource       : HikariPool-1 - Starting...
2019-12-30 20:23:35.128  INFO 5644 --- [main] com.zaxxer.hikari.HikariDataSource       : HikariPool-1 - Start completed.
2019-12-30 20:23:35.135  INFO 5644 --- [main] o.s.b.a.h2.H2ConsoleAutoConfiguration    : H2 console available at '/h2'. Database available at 'jdbc:h2:file:C:/data/cinepDB'
2019-12-30 20:23:35.630  INFO 5644 --- [main] o.hibernate.jpa.internal.util.LogHelper  : HHH000204: Processing PersistenceUnitInfo [name: default]
2019-12-30 20:23:35.773  INFO 5644 --- [main] org.hibernate.Version                    : HHH000412: Hibernate Core {5.4.6.Final}
2019-12-30 20:23:36.150  INFO 5644 --- [main] o.hibernate.annotations.common.Version   : HCANN000001: Hibernate Commons Annotations {5.1.0.Final}
2019-12-30 20:23:36.357  INFO 5644 --- [main] org.hibernate.dialect.Dialect            : HHH000400: Using dialect: org.hibernate.dialect.H2Dialect
2019-12-30 20:23:37.580  INFO 5644 --- [main] o.h.e.t.j.p.i.JtaPlatformInitiator       : HHH000490: Using JtaPlatform implementation: [org.hibernate.engine.transaction.jta.platform.internal.NoJtaPlatform]
2019-12-30 20:23:37.601  INFO 5644 --- [main] j.LocalContainerEntityManagerFactoryBean : Initialized JPA EntityManagerFactory for persistence unit 'default'
2019-12-30 20:23:38.605  WARN 5644 --- [main] JpaBaseConfiguration$JpaWebConfiguration : spring.jpa.open-in-view is enabled by default. Therefore, database queries may be performed during view rendering. Explicitly configure spring.jpa.open-in-view to disable this warning
2019-12-30 20:23:38.921  INFO 5644 --- [main] o.s.s.web.DefaultSecurityFilterChain     : Creating filter chain: any request, [org.springframework.security.web.context.request.async.WebAsyncManagerIntegrationFilter@1f6ba47b, org.springframework.security.web.context.SecurityContextPersistenceFilter@410f1452, org.springframework.security.web.header.HeaderWriterFilter@632d1b1b, org.springframework.security.web.authentication.logout.LogoutFilter@585672dd, cinep.app.cinep.security.JwtRequestFilter@1bb51492, org.springframework.security.web.savedrequest.RequestCacheAwareFilter@23ade612, org.springframework.security.web.servletapi.SecurityContextHolderAwareRequestFilter@3d42b756, org.springframework.security.web.authentication.AnonymousAuthenticationFilter@1bb78ae, org.springframework.security.web.session.SessionManagementFilter@31aa9b01, org.springframework.security.web.access.ExceptionTranslationFilter@32e9c3af, org.springframework.security.web.access.intercept.FilterSecurityInterceptor@59845a40]
2019-12-30 20:23:39.117  INFO 5644 --- [main] o.s.s.concurrent.ThreadPoolTaskExecutor  : Initializing ExecutorService 'applicationTaskExecutor'
2019-12-30 20:23:39.511  INFO 5644 --- [main] o.s.s.c.ThreadPoolTaskScheduler          : Initializing ExecutorService 'taskScheduler'
2019-12-30 20:23:39.519  INFO 5644 --- [main] o.s.b.a.e.web.EndpointLinksResolver      : Exposing 2 endpoint(s) beneath base path '/actuator'
2019-12-30 20:23:39.652  INFO 5644 --- [main] o.s.b.w.embedded.tomcat.TomcatWebServer  : Tomcat started on port(s): 8080 (http) with context path '/api'
2019-12-30 20:23:39.655  INFO 5644 --- [main] cinep.app.cinep.CinepApplication         : Started CinepApplication in 9.146 seconds (JVM running for 11.296)
2019-12-30 20:23:40.548  INFO 5644 --- [RMI TCP Connection(3)-192.168.99.1] o.a.c.c.C.[Tomcat].[localhost].[/api]    : Initializing Spring DispatcherServlet 'dispatcherServlet'
2019-12-30 20:23:40.548  INFO 5644 --- [RMI TCP Connection(3)-192.168.99.1] o.s.web.servlet.DispatcherServlet        : Initializing Servlet 'dispatcherServlet'
2019-12-30 20:23:40.556  INFO 5644 --- [RMI TCP Connection(3)-192.168.99.1] o.s.web.servlet.DispatcherServlet        : Completed initialization in 7 ms
2019-12-30 20:25:00.010  INFO 5644 --- [scheduling-1] cinep.app.cinep.service.SearchService    : Getting new movies to database: Time is 2019-12-30T20:25:00.009886900
2019-12-30 20:25:03.884  INFO 5644 --- [scheduling-1] cinep.app.cinep.service.SearchService    : Total movies 263
2019-12-30 21:45:07.019  INFO 2804 --- [main] cinep.app.cinep.CinepApplication         : Starting CinepApplication on LAPTOP-BGLI22HP with PID 2804 (C:\Users\Ilja\IdeaProjects\cinep\out\production\classes started by Ilja in C:\Users\Ilja\IdeaProjects\cinep)
2019-12-30 21:45:07.019  INFO 2804 --- [main] cinep.app.cinep.CinepApplication         : No active profile set, falling back to default profiles: default
2019-12-30 21:45:08.086  INFO 2804 --- [main] .s.d.r.c.RepositoryConfigurationDelegate : Bootstrapping Spring Data repositories in DEFAULT mode.
2019-12-30 21:45:08.187  INFO 2804 --- [main] .s.d.r.c.RepositoryConfigurationDelegate : Finished Spring Data repository scanning in 99ms. Found 3 repository interfaces.
2019-12-30 21:45:08.487  INFO 2804 --- [main] trationDelegate$BeanPostProcessorChecker : Bean 'org.springframework.transaction.annotation.ProxyTransactionManagementConfiguration' of type [org.springframework.transaction.annotation.ProxyTransactionManagementConfiguration] is not eligible for getting processed by all BeanPostProcessors (for example: not eligible for auto-proxying)
2019-12-30 21:45:08.525  INFO 2804 --- [main] trationDelegate$BeanPostProcessorChecker : Bean 'org.springframework.security.config.annotation.configuration.ObjectPostProcessorConfiguration' of type [org.springframework.security.config.annotation.configuration.ObjectPostProcessorConfiguration] is not eligible for getting processed by all BeanPostProcessors (for example: not eligible for auto-proxying)
2019-12-30 21:45:08.525  INFO 2804 --- [main] trationDelegate$BeanPostProcessorChecker : Bean 'objectPostProcessor' of type [org.springframework.security.config.annotation.configuration.AutowireBeanFactoryObjectPostProcessor] is not eligible for getting processed by all BeanPostProcessors (for example: not eligible for auto-proxying)
2019-12-30 21:45:08.525  INFO 2804 --- [main] trationDelegate$BeanPostProcessorChecker : Bean 'org.springframework.security.access.expression.method.DefaultMethodSecurityExpressionHandler@6d2a2560' of type [org.springframework.security.access.expression.method.DefaultMethodSecurityExpressionHandler] is not eligible for getting processed by all BeanPostProcessors (for example: not eligible for auto-proxying)
2019-12-30 21:45:08.525  INFO 2804 --- [main] trationDelegate$BeanPostProcessorChecker : Bean 'org.springframework.security.config.annotation.method.configuration.GlobalMethodSecurityConfiguration' of type [org.springframework.security.config.annotation.method.configuration.GlobalMethodSecurityConfiguration] is not eligible for getting processed by all BeanPostProcessors (for example: not eligible for auto-proxying)
2019-12-30 21:45:08.541  INFO 2804 --- [main] trationDelegate$BeanPostProcessorChecker : Bean 'methodSecurityMetadataSource' of type [org.springframework.security.access.method.DelegatingMethodSecurityMetadataSource] is not eligible for getting processed by all BeanPostProcessors (for example: not eligible for auto-proxying)
2019-12-30 21:45:08.811  INFO 2804 --- [main] o.s.b.w.embedded.tomcat.TomcatWebServer  : Tomcat initialized with port(s): 8080 (http)
2019-12-30 21:45:08.811  INFO 2804 --- [main] o.apache.catalina.core.StandardService   : Starting service [Tomcat]
2019-12-30 21:45:08.811  INFO 2804 --- [main] org.apache.catalina.core.StandardEngine  : Starting Servlet engine: [Apache Tomcat/9.0.27]
2019-12-30 21:45:08.973  INFO 2804 --- [main] o.a.c.c.C.[Tomcat].[localhost].[/api]    : Initializing Spring embedded WebApplicationContext
2019-12-30 21:45:08.973  INFO 2804 --- [main] o.s.web.context.ContextLoader            : Root WebApplicationContext: initialization completed in 1891 ms
2019-12-30 21:45:09.074  INFO 2804 --- [main] com.zaxxer.hikari.HikariDataSource       : HikariPool-1 - Starting...
2019-12-30 21:45:09.227  INFO 2804 --- [main] com.zaxxer.hikari.HikariDataSource       : HikariPool-1 - Start completed.
2019-12-30 21:45:09.227  INFO 2804 --- [main] o.s.b.a.h2.H2ConsoleAutoConfiguration    : H2 console available at '/h2'. Database available at 'jdbc:h2:file:C:/data/cinepDB'
2019-12-30 21:45:09.490  INFO 2804 --- [main] o.hibernate.jpa.internal.util.LogHelper  : HHH000204: Processing PersistenceUnitInfo [name: default]
2019-12-30 21:45:09.644  INFO 2804 --- [main] org.hibernate.Version                    : HHH000412: Hibernate Core {5.4.6.Final}
2019-12-30 21:45:09.961  INFO 2804 --- [main] o.hibernate.annotations.common.Version   : HCANN000001: Hibernate Commons Annotations {5.1.0.Final}
2019-12-30 21:45:10.177  INFO 2804 --- [main] org.hibernate.dialect.Dialect            : HHH000400: Using dialect: org.hibernate.dialect.H2Dialect
2019-12-30 21:45:10.995  INFO 2804 --- [main] o.h.e.t.j.p.i.JtaPlatformInitiator       : HHH000490: Using JtaPlatform implementation: [org.hibernate.engine.transaction.jta.platform.internal.NoJtaPlatform]
2019-12-30 21:45:10.995  INFO 2804 --- [main] j.LocalContainerEntityManagerFactoryBean : Initialized JPA EntityManagerFactory for persistence unit 'default'
2019-12-30 21:45:11.519  WARN 2804 --- [main] JpaBaseConfiguration$JpaWebConfiguration : spring.jpa.open-in-view is enabled by default. Therefore, database queries may be performed during view rendering. Explicitly configure spring.jpa.open-in-view to disable this warning
2019-12-30 21:45:11.697  INFO 2804 --- [main] o.s.s.web.DefaultSecurityFilterChain     : Creating filter chain: any request, [org.springframework.security.web.context.request.async.WebAsyncManagerIntegrationFilter@5c0f508b, org.springframework.security.web.context.SecurityContextPersistenceFilter@1fdd5517, org.springframework.security.web.header.HeaderWriterFilter@50dd1e3a, org.springframework.security.web.authentication.logout.LogoutFilter@58be583e, cinep.app.cinep.security.JwtRequestFilter@3ebc6d8b, org.springframework.security.web.savedrequest.RequestCacheAwareFilter@3d605657, org.springframework.security.web.servletapi.SecurityContextHolderAwareRequestFilter@eb1e868, org.springframework.security.web.authentication.AnonymousAuthenticationFilter@7a2ffb0b, org.springframework.security.web.session.SessionManagementFilter@39451d92, org.springframework.security.web.access.ExceptionTranslationFilter@49c947f7, org.springframework.security.web.access.intercept.FilterSecurityInterceptor@6c4e486e]
2019-12-30 21:45:11.802  INFO 2804 --- [main] o.s.s.concurrent.ThreadPoolTaskExecutor  : Initializing ExecutorService 'applicationTaskExecutor'
2019-12-30 21:45:12.036  INFO 2804 --- [main] o.s.s.c.ThreadPoolTaskScheduler          : Initializing ExecutorService 'taskScheduler'
2019-12-30 21:45:12.051  INFO 2804 --- [main] o.s.b.a.e.web.EndpointLinksResolver      : Exposing 2 endpoint(s) beneath base path '/actuator'
2019-12-30 21:45:12.136  INFO 2804 --- [main] o.s.b.w.embedded.tomcat.TomcatWebServer  : Tomcat started on port(s): 8080 (http) with context path '/api'
2019-12-30 21:45:12.136  INFO 2804 --- [main] cinep.app.cinep.CinepApplication         : Started CinepApplication in 6.155 seconds (JVM running for 7.661)
2019-12-30 21:45:13.205  INFO 2804 --- [RMI TCP Connection(3)-192.168.99.1] o.a.c.c.C.[Tomcat].[localhost].[/api]    : Initializing Spring DispatcherServlet 'dispatcherServlet'
2019-12-30 21:45:13.205  INFO 2804 --- [RMI TCP Connection(3)-192.168.99.1] o.s.web.servlet.DispatcherServlet        : Initializing Servlet 'dispatcherServlet'
2019-12-30 21:45:13.274  INFO 2804 --- [RMI TCP Connection(3)-192.168.99.1] o.s.web.servlet.DispatcherServlet        : Completed initialization in 69 ms
2019-12-30 21:48:46.559  INFO 13880 --- [main] cinep.app.cinep.CinepApplication         : Starting CinepApplication on LAPTOP-BGLI22HP with PID 13880 (C:\Users\Ilja\IdeaProjects\cinep\out\production\classes started by Ilja in C:\Users\Ilja\IdeaProjects\cinep)
2019-12-30 21:48:46.559  INFO 13880 --- [main] cinep.app.cinep.CinepApplication         : No active profile set, falling back to default profiles: default
2019-12-30 21:48:48.103  INFO 13880 --- [main] .s.d.r.c.RepositoryConfigurationDelegate : Bootstrapping Spring Data repositories in DEFAULT mode.
2019-12-30 21:48:48.422  INFO 13880 --- [main] .s.d.r.c.RepositoryConfigurationDelegate : Finished Spring Data repository scanning in 313ms. Found 3 repository interfaces.
2019-12-30 21:48:49.255  INFO 13880 --- [main] trationDelegate$BeanPostProcessorChecker : Bean 'org.springframework.transaction.annotation.ProxyTransactionManagementConfiguration' of type [org.springframework.transaction.annotation.ProxyTransactionManagementConfiguration] is not eligible for getting processed by all BeanPostProcessors (for example: not eligible for auto-proxying)
2019-12-30 21:48:49.292  INFO 13880 --- [main] trationDelegate$BeanPostProcessorChecker : Bean 'org.springframework.security.config.annotation.configuration.ObjectPostProcessorConfiguration' of type [org.springframework.security.config.annotation.configuration.ObjectPostProcessorConfiguration] is not eligible for getting processed by all BeanPostProcessors (for example: not eligible for auto-proxying)
2019-12-30 21:48:49.292  INFO 13880 --- [main] trationDelegate$BeanPostProcessorChecker : Bean 'objectPostProcessor' of type [org.springframework.security.config.annotation.configuration.AutowireBeanFactoryObjectPostProcessor] is not eligible for getting processed by all BeanPostProcessors (for example: not eligible for auto-proxying)
2019-12-30 21:48:49.292  INFO 13880 --- [main] trationDelegate$BeanPostProcessorChecker : Bean 'org.springframework.security.access.expression.method.DefaultMethodSecurityExpressionHandler@5d342959' of type [org.springframework.security.access.expression.method.DefaultMethodSecurityExpressionHandler] is not eligible for getting processed by all BeanPostProcessors (for example: not eligible for auto-proxying)
2019-12-30 21:48:49.292  INFO 13880 --- [main] trationDelegate$BeanPostProcessorChecker : Bean 'org.springframework.security.config.annotation.method.configuration.GlobalMethodSecurityConfiguration' of type [org.springframework.security.config.annotation.method.configuration.GlobalMethodSecurityConfiguration] is not eligible for getting processed by all BeanPostProcessors (for example: not eligible for auto-proxying)
2019-12-30 21:48:49.292  INFO 13880 --- [main] trationDelegate$BeanPostProcessorChecker : Bean 'methodSecurityMetadataSource' of type [org.springframework.security.access.method.DelegatingMethodSecurityMetadataSource] is not eligible for getting processed by all BeanPostProcessors (for example: not eligible for auto-proxying)
2019-12-30 21:48:49.723  INFO 13880 --- [main] o.s.b.w.embedded.tomcat.TomcatWebServer  : Tomcat initialized with port(s): 8080 (http)
2019-12-30 21:48:49.735  INFO 13880 --- [main] o.apache.catalina.core.StandardService   : Starting service [Tomcat]
2019-12-30 21:48:49.739  INFO 13880 --- [main] org.apache.catalina.core.StandardEngine  : Starting Servlet engine: [Apache Tomcat/9.0.27]
2019-12-30 21:48:49.908  INFO 13880 --- [main] o.a.c.c.C.[Tomcat].[localhost].[/api]    : Initializing Spring embedded WebApplicationContext
2019-12-30 21:48:49.908  INFO 13880 --- [main] o.s.web.context.ContextLoader            : Root WebApplicationContext: initialization completed in 3289 ms
2019-12-30 21:48:50.017  INFO 13880 --- [main] com.zaxxer.hikari.HikariDataSource       : HikariPool-1 - Starting...
2019-12-30 21:48:50.235  INFO 13880 --- [main] com.zaxxer.hikari.HikariDataSource       : HikariPool-1 - Start completed.
2019-12-30 21:48:50.239  INFO 13880 --- [main] o.s.b.a.h2.H2ConsoleAutoConfiguration    : H2 console available at '/h2'. Database available at 'jdbc:h2:file:C:/data/cinepDB'
2019-12-30 21:48:50.531  INFO 13880 --- [main] o.hibernate.jpa.internal.util.LogHelper  : HHH000204: Processing PersistenceUnitInfo [name: default]
2019-12-30 21:48:50.743  INFO 13880 --- [main] org.hibernate.Version                    : HHH000412: Hibernate Core {5.4.6.Final}
2019-12-30 21:48:51.080  INFO 13880 --- [main] o.hibernate.annotations.common.Version   : HCANN000001: Hibernate Commons Annotations {5.1.0.Final}
2019-12-30 21:48:51.273  INFO 13880 --- [main] org.hibernate.dialect.Dialect            : HHH000400: Using dialect: org.hibernate.dialect.H2Dialect
2019-12-30 21:48:52.459  INFO 13880 --- [main] o.h.e.t.j.p.i.JtaPlatformInitiator       : HHH000490: Using JtaPlatform implementation: [org.hibernate.engine.transaction.jta.platform.internal.NoJtaPlatform]
2019-12-30 21:48:52.467  INFO 13880 --- [main] j.LocalContainerEntityManagerFactoryBean : Initialized JPA EntityManagerFactory for persistence unit 'default'
2019-12-30 21:48:53.057  WARN 13880 --- [main] JpaBaseConfiguration$JpaWebConfiguration : spring.jpa.open-in-view is enabled by default. Therefore, database queries may be performed during view rendering. Explicitly configure spring.jpa.open-in-view to disable this warning
2019-12-30 21:48:53.247  INFO 13880 --- [main] o.s.s.web.DefaultSecurityFilterChain     : Creating filter chain: any request, [org.springframework.security.web.context.request.async.WebAsyncManagerIntegrationFilter@67b20b4c, org.springframework.security.web.context.SecurityContextPersistenceFilter@43b74979, org.springframework.security.web.header.HeaderWriterFilter@73bcd9b4, org.springframework.security.web.authentication.logout.LogoutFilter@270ab7bc, cinep.app.cinep.security.JwtRequestFilter@3794b7b1, org.springframework.security.web.savedrequest.RequestCacheAwareFilter@60688a97, org.springframework.security.web.servletapi.SecurityContextHolderAwareRequestFilter@41433530, org.springframework.security.web.authentication.AnonymousAuthenticationFilter@7bbe532b, org.springframework.security.web.session.SessionManagementFilter@7a2ffb0b, org.springframework.security.web.access.ExceptionTranslationFilter@1e0c898c, org.springframework.security.web.access.intercept.FilterSecurityInterceptor@1640a6b5]
2019-12-30 21:48:53.389  INFO 13880 --- [main] o.s.s.concurrent.ThreadPoolTaskExecutor  : Initializing ExecutorService 'applicationTaskExecutor'
2019-12-30 21:48:53.638  INFO 13880 --- [main] o.s.s.c.ThreadPoolTaskScheduler          : Initializing ExecutorService 'taskScheduler'
2019-12-30 21:48:53.638  INFO 13880 --- [main] o.s.b.a.e.web.EndpointLinksResolver      : Exposing 2 endpoint(s) beneath base path '/actuator'
2019-12-30 21:48:53.740  INFO 13880 --- [main] o.s.b.w.embedded.tomcat.TomcatWebServer  : Tomcat started on port(s): 8080 (http) with context path '/api'
2019-12-30 21:48:53.740  INFO 13880 --- [main] cinep.app.cinep.CinepApplication         : Started CinepApplication in 8.121 seconds (JVM running for 11.689)
2019-12-30 21:48:55.729  INFO 13880 --- [RMI TCP Connection(4)-192.168.99.1] o.a.c.c.C.[Tomcat].[localhost].[/api]    : Initializing Spring DispatcherServlet 'dispatcherServlet'
2019-12-30 21:48:55.729  INFO 13880 --- [RMI TCP Connection(4)-192.168.99.1] o.s.web.servlet.DispatcherServlet        : Initializing Servlet 'dispatcherServlet'
2019-12-30 21:48:55.737  INFO 13880 --- [RMI TCP Connection(4)-192.168.99.1] o.s.web.servlet.DispatcherServlet        : Completed initialization in 8 ms
2019-12-30 22:00:00.064  INFO 13880 --- [scheduling-1] cinep.app.cinep.service.SearchService    : Started refreshing database, time is: 22:00:00.064828200 Currently there are 0
2019-12-30 22:00:00.069  INFO 13880 --- [scheduling-1] cinep.app.cinep.service.SearchService    : There are 0 elements in ratings map
2019-12-30 22:00:00.070  INFO 13880 --- [scheduling-1] cinep.app.cinep.service.SearchService    : After refresh there are 0 movies left: Current time is 22:00:00.070780200
2019-12-30 22:04:22.608  WARN 13880 --- [http-nio-8080-exec-7] .w.s.m.s.DefaultHandlerExceptionResolver : Resolved [org.springframework.http.converter.HttpMessageNotWritableException: Could not write JSON: failed to lazily initialize a collection, could not initialize proxy - no Session; nested exception is com.fasterxml.jackson.databind.JsonMappingException: failed to lazily initialize a collection, could not initialize proxy - no Session (through reference chain: cinep.app.cinep.dto.UserDto["bookmarks"])]
2019-12-30 22:32:31.548  INFO 1108 --- [main] cinep.app.cinep.CinepApplication         : Starting CinepApplication on LAPTOP-BGLI22HP with PID 1108 (C:\Users\Ilja\IdeaProjects\cinep\out\production\classes started by Ilja in C:\Users\Ilja\IdeaProjects\cinep)
2019-12-30 22:32:31.551  INFO 1108 --- [main] cinep.app.cinep.CinepApplication         : No active profile set, falling back to default profiles: default
2019-12-30 22:32:32.538  INFO 1108 --- [main] .s.d.r.c.RepositoryConfigurationDelegate : Bootstrapping Spring Data repositories in DEFAULT mode.
2019-12-30 22:32:32.616  INFO 1108 --- [main] .s.d.r.c.RepositoryConfigurationDelegate : Finished Spring Data repository scanning in 71ms. Found 3 repository interfaces.
2019-12-30 22:32:32.965  INFO 1108 --- [main] trationDelegate$BeanPostProcessorChecker : Bean 'org.springframework.transaction.annotation.ProxyTransactionManagementConfiguration' of type [org.springframework.transaction.annotation.ProxyTransactionManagementConfiguration] is not eligible for getting processed by all BeanPostProcessors (for example: not eligible for auto-proxying)
2019-12-30 22:32:32.989  INFO 1108 --- [main] trationDelegate$BeanPostProcessorChecker : Bean 'org.springframework.security.config.annotation.configuration.ObjectPostProcessorConfiguration' of type [org.springframework.security.config.annotation.configuration.ObjectPostProcessorConfiguration] is not eligible for getting processed by all BeanPostProcessors (for example: not eligible for auto-proxying)
2019-12-30 22:32:32.991  INFO 1108 --- [main] trationDelegate$BeanPostProcessorChecker : Bean 'objectPostProcessor' of type [org.springframework.security.config.annotation.configuration.AutowireBeanFactoryObjectPostProcessor] is not eligible for getting processed by all BeanPostProcessors (for example: not eligible for auto-proxying)
2019-12-30 22:32:32.993  INFO 1108 --- [main] trationDelegate$BeanPostProcessorChecker : Bean 'org.springframework.security.access.expression.method.DefaultMethodSecurityExpressionHandler@311ff287' of type [org.springframework.security.access.expression.method.DefaultMethodSecurityExpressionHandler] is not eligible for getting processed by all BeanPostProcessors (for example: not eligible for auto-proxying)
2019-12-30 22:32:32.994  INFO 1108 --- [main] trationDelegate$BeanPostProcessorChecker : Bean 'org.springframework.security.config.annotation.method.configuration.GlobalMethodSecurityConfiguration' of type [org.springframework.security.config.annotation.method.configuration.GlobalMethodSecurityConfiguration] is not eligible for getting processed by all BeanPostProcessors (for example: not eligible for auto-proxying)
2019-12-30 22:32:32.996  INFO 1108 --- [main] trationDelegate$BeanPostProcessorChecker : Bean 'methodSecurityMetadataSource' of type [org.springframework.security.access.method.DelegatingMethodSecurityMetadataSource] is not eligible for getting processed by all BeanPostProcessors (for example: not eligible for auto-proxying)
2019-12-30 22:32:33.282  INFO 1108 --- [main] o.s.b.w.embedded.tomcat.TomcatWebServer  : Tomcat initialized with port(s): 8080 (http)
2019-12-30 22:32:33.328  INFO 1108 --- [main] o.apache.catalina.core.StandardService   : Starting service [Tomcat]
2019-12-30 22:32:33.329  INFO 1108 --- [main] org.apache.catalina.core.StandardEngine  : Starting Servlet engine: [Apache Tomcat/9.0.27]
2019-12-30 22:32:33.461  INFO 1108 --- [main] o.a.c.c.C.[Tomcat].[localhost].[/api]    : Initializing Spring embedded WebApplicationContext
2019-12-30 22:32:33.461  INFO 1108 --- [main] o.s.web.context.ContextLoader            : Root WebApplicationContext: initialization completed in 1871 ms
2019-12-30 22:32:33.562  INFO 1108 --- [main] com.zaxxer.hikari.HikariDataSource       : HikariPool-1 - Starting...
2019-12-30 22:32:33.824  INFO 1108 --- [main] com.zaxxer.hikari.HikariDataSource       : HikariPool-1 - Start completed.
2019-12-30 22:32:33.829  INFO 1108 --- [main] o.s.b.a.h2.H2ConsoleAutoConfiguration    : H2 console available at '/h2'. Database available at 'jdbc:h2:file:C:/data/cinepDB'
2019-12-30 22:32:34.136  INFO 1108 --- [main] o.hibernate.jpa.internal.util.LogHelper  : HHH000204: Processing PersistenceUnitInfo [name: default]
2019-12-30 22:32:34.250  INFO 1108 --- [main] org.hibernate.Version                    : HHH000412: Hibernate Core {5.4.6.Final}
2019-12-30 22:32:34.558  INFO 1108 --- [main] o.hibernate.annotations.common.Version   : HCANN000001: Hibernate Commons Annotations {5.1.0.Final}
2019-12-30 22:32:34.805  INFO 1108 --- [main] org.hibernate.dialect.Dialect            : HHH000400: Using dialect: org.hibernate.dialect.H2Dialect
2019-12-30 22:32:35.822  INFO 1108 --- [main] o.h.e.t.j.p.i.JtaPlatformInitiator       : HHH000490: Using JtaPlatform implementation: [org.hibernate.engine.transaction.jta.platform.internal.NoJtaPlatform]
2019-12-30 22:32:35.829  INFO 1108 --- [main] j.LocalContainerEntityManagerFactoryBean : Initialized JPA EntityManagerFactory for persistence unit 'default'
2019-12-30 22:32:36.449  WARN 1108 --- [main] JpaBaseConfiguration$JpaWebConfiguration : spring.jpa.open-in-view is enabled by default. Therefore, database queries may be performed during view rendering. Explicitly configure spring.jpa.open-in-view to disable this warning
2019-12-30 22:32:36.721  INFO 1108 --- [main] o.s.s.web.DefaultSecurityFilterChain     : Creating filter chain: any request, [org.springframework.security.web.context.request.async.WebAsyncManagerIntegrationFilter@7e7987b8, org.springframework.security.web.context.SecurityContextPersistenceFilter@5ec06e97, org.springframework.security.web.header.HeaderWriterFilter@1a06b95, org.springframework.security.web.authentication.logout.LogoutFilter@27107a97, cinep.app.cinep.security.JwtRequestFilter@37344d31, org.springframework.security.web.savedrequest.RequestCacheAwareFilter@591febcb, org.springframework.security.web.servletapi.SecurityContextHolderAwareRequestFilter@47b494ce, org.springframework.security.web.authentication.AnonymousAuthenticationFilter@6bcfb561, org.springframework.security.web.session.SessionManagementFilter@6a95c2f6, org.springframework.security.web.access.ExceptionTranslationFilter@70f8d217, org.springframework.security.web.access.intercept.FilterSecurityInterceptor@40f15786]
2019-12-30 22:32:36.886  INFO 1108 --- [main] o.s.s.concurrent.ThreadPoolTaskExecutor  : Initializing ExecutorService 'applicationTaskExecutor'
2019-12-30 22:32:37.163  INFO 1108 --- [main] o.s.s.c.ThreadPoolTaskScheduler          : Initializing ExecutorService 'taskScheduler'
2019-12-30 22:32:37.171  INFO 1108 --- [main] o.s.b.a.e.web.EndpointLinksResolver      : Exposing 2 endpoint(s) beneath base path '/actuator'
2019-12-30 22:32:37.267  INFO 1108 --- [main] o.s.b.w.embedded.tomcat.TomcatWebServer  : Tomcat started on port(s): 8080 (http) with context path '/api'
2019-12-30 22:32:37.270  INFO 1108 --- [main] cinep.app.cinep.CinepApplication         : Started CinepApplication in 6.704 seconds (JVM running for 8.377)
2019-12-30 22:32:38.289  INFO 1108 --- [RMI TCP Connection(2)-192.168.99.1] o.a.c.c.C.[Tomcat].[localhost].[/api]    : Initializing Spring DispatcherServlet 'dispatcherServlet'
2019-12-30 22:32:38.290  INFO 1108 --- [RMI TCP Connection(2)-192.168.99.1] o.s.web.servlet.DispatcherServlet        : Initializing Servlet 'dispatcherServlet'
2019-12-30 22:32:38.296  INFO 1108 --- [RMI TCP Connection(2)-192.168.99.1] o.s.web.servlet.DispatcherServlet        : Completed initialization in 6 ms
2019-12-30 22:34:19.645  INFO 9044 --- [main] cinep.app.cinep.CinepApplication         : Starting CinepApplication on LAPTOP-BGLI22HP with PID 9044 (C:\Users\Ilja\IdeaProjects\cinep\out\production\classes started by Ilja in C:\Users\Ilja\IdeaProjects\cinep)
2019-12-30 22:34:19.650  INFO 9044 --- [main] cinep.app.cinep.CinepApplication         : No active profile set, falling back to default profiles: default
2019-12-30 22:34:20.551  INFO 9044 --- [main] .s.d.r.c.RepositoryConfigurationDelegate : Bootstrapping Spring Data repositories in DEFAULT mode.
2019-12-30 22:34:20.610  INFO 9044 --- [main] .s.d.r.c.RepositoryConfigurationDelegate : Finished Spring Data repository scanning in 53ms. Found 3 repository interfaces.
2019-12-30 22:34:20.851  INFO 9044 --- [main] trationDelegate$BeanPostProcessorChecker : Bean 'org.springframework.transaction.annotation.ProxyTransactionManagementConfiguration' of type [org.springframework.transaction.annotation.ProxyTransactionManagementConfiguration] is not eligible for getting processed by all BeanPostProcessors (for example: not eligible for auto-proxying)
2019-12-30 22:34:20.876  INFO 9044 --- [main] trationDelegate$BeanPostProcessorChecker : Bean 'org.springframework.security.config.annotation.configuration.ObjectPostProcessorConfiguration' of type [org.springframework.security.config.annotation.configuration.ObjectPostProcessorConfiguration] is not eligible for getting processed by all BeanPostProcessors (for example: not eligible for auto-proxying)
2019-12-30 22:34:20.879  INFO 9044 --- [main] trationDelegate$BeanPostProcessorChecker : Bean 'objectPostProcessor' of type [org.springframework.security.config.annotation.configuration.AutowireBeanFactoryObjectPostProcessor] is not eligible for getting processed by all BeanPostProcessors (for example: not eligible for auto-proxying)
2019-12-30 22:34:20.881  INFO 9044 --- [main] trationDelegate$BeanPostProcessorChecker : Bean 'org.springframework.security.access.expression.method.DefaultMethodSecurityExpressionHandler@6468a7b6' of type [org.springframework.security.access.expression.method.DefaultMethodSecurityExpressionHandler] is not eligible for getting processed by all BeanPostProcessors (for example: not eligible for auto-proxying)
2019-12-30 22:34:20.883  INFO 9044 --- [main] trationDelegate$BeanPostProcessorChecker : Bean 'org.springframework.security.config.annotation.method.configuration.GlobalMethodSecurityConfiguration' of type [org.springframework.security.config.annotation.method.configuration.GlobalMethodSecurityConfiguration] is not eligible for getting processed by all BeanPostProcessors (for example: not eligible for auto-proxying)
2019-12-30 22:34:20.886  INFO 9044 --- [main] trationDelegate$BeanPostProcessorChecker : Bean 'methodSecurityMetadataSource' of type [org.springframework.security.access.method.DelegatingMethodSecurityMetadataSource] is not eligible for getting processed by all BeanPostProcessors (for example: not eligible for auto-proxying)
2019-12-30 22:34:21.088  INFO 9044 --- [main] o.s.b.w.embedded.tomcat.TomcatWebServer  : Tomcat initialized with port(s): 8080 (http)
2019-12-30 22:34:21.096  INFO 9044 --- [main] o.apache.catalina.core.StandardService   : Starting service [Tomcat]
2019-12-30 22:34:21.096  INFO 9044 --- [main] org.apache.catalina.core.StandardEngine  : Starting Servlet engine: [Apache Tomcat/9.0.27]
2019-12-30 22:34:21.220  INFO 9044 --- [main] o.a.c.c.C.[Tomcat].[localhost].[/api]    : Initializing Spring embedded WebApplicationContext
2019-12-30 22:34:21.221  INFO 9044 --- [main] o.s.web.context.ContextLoader            : Root WebApplicationContext: initialization completed in 1498 ms
2019-12-30 22:34:21.308  INFO 9044 --- [main] com.zaxxer.hikari.HikariDataSource       : HikariPool-1 - Starting...
2019-12-30 22:34:21.406  INFO 9044 --- [main] com.zaxxer.hikari.HikariDataSource       : HikariPool-1 - Start completed.
2019-12-30 22:34:21.412  INFO 9044 --- [main] o.s.b.a.h2.H2ConsoleAutoConfiguration    : H2 console available at '/h2'. Database available at 'jdbc:h2:file:C:/data/cinepDB'
2019-12-30 22:34:21.654  INFO 9044 --- [main] o.hibernate.jpa.internal.util.LogHelper  : HHH000204: Processing PersistenceUnitInfo [name: default]
2019-12-30 22:34:21.709  INFO 9044 --- [main] org.hibernate.Version                    : HHH000412: Hibernate Core {5.4.6.Final}
2019-12-30 22:34:21.813  INFO 9044 --- [main] o.hibernate.annotations.common.Version   : HCANN000001: Hibernate Commons Annotations {5.1.0.Final}
2019-12-30 22:34:21.895  INFO 9044 --- [main] org.hibernate.dialect.Dialect            : HHH000400: Using dialect: org.hibernate.dialect.H2Dialect
2019-12-30 22:34:22.448  INFO 9044 --- [main] o.h.e.t.j.p.i.JtaPlatformInitiator       : HHH000490: Using JtaPlatform implementation: [org.hibernate.engine.transaction.jta.platform.internal.NoJtaPlatform]
2019-12-30 22:34:22.453  INFO 9044 --- [main] j.LocalContainerEntityManagerFactoryBean : Initialized JPA EntityManagerFactory for persistence unit 'default'
2019-12-30 22:34:22.871  WARN 9044 --- [main] JpaBaseConfiguration$JpaWebConfiguration : spring.jpa.open-in-view is enabled by default. Therefore, database queries may be performed during view rendering. Explicitly configure spring.jpa.open-in-view to disable this warning
2019-12-30 22:34:23.068  INFO 9044 --- [main] o.s.s.web.DefaultSecurityFilterChain     : Creating filter chain: any request, [org.springframework.security.web.context.request.async.WebAsyncManagerIntegrationFilter@50b2ba2c, org.springframework.security.web.context.SecurityContextPersistenceFilter@10ae002e, org.springframework.security.web.header.HeaderWriterFilter@1a05ff8e, org.springframework.security.web.authentication.logout.LogoutFilter@752ffce3, cinep.app.cinep.security.JwtRequestFilter@4a49919c, org.springframework.security.web.savedrequest.RequestCacheAwareFilter@5d449307, org.springframework.security.web.servletapi.SecurityContextHolderAwareRequestFilter@35d8ba22, org.springframework.security.web.authentication.AnonymousAuthenticationFilter@12478b4e, org.springframework.security.web.session.SessionManagementFilter@3407ded1, org.springframework.security.web.access.ExceptionTranslationFilter@27f31d91, org.springframework.security.web.access.intercept.FilterSecurityInterceptor@73905dff]
2019-12-30 22:34:23.207  INFO 9044 --- [main] o.s.s.concurrent.ThreadPoolTaskExecutor  : Initializing ExecutorService 'applicationTaskExecutor'
2019-12-30 22:34:23.410  INFO 9044 --- [main] o.s.s.c.ThreadPoolTaskScheduler          : Initializing ExecutorService 'taskScheduler'
2019-12-30 22:34:23.418  INFO 9044 --- [main] o.s.b.a.e.web.EndpointLinksResolver      : Exposing 2 endpoint(s) beneath base path '/actuator'
2019-12-30 22:34:23.476  INFO 9044 --- [main] o.s.b.w.embedded.tomcat.TomcatWebServer  : Tomcat started on port(s): 8080 (http) with context path '/api'
2019-12-30 22:34:23.478  INFO 9044 --- [main] cinep.app.cinep.CinepApplication         : Started CinepApplication in 4.294 seconds (JVM running for 5.215)
2019-12-30 22:34:24.443  INFO 9044 --- [RMI TCP Connection(3)-192.168.99.1] o.a.c.c.C.[Tomcat].[localhost].[/api]    : Initializing Spring DispatcherServlet 'dispatcherServlet'
2019-12-30 22:34:24.444  INFO 9044 --- [RMI TCP Connection(3)-192.168.99.1] o.s.web.servlet.DispatcherServlet        : Initializing Servlet 'dispatcherServlet'
2019-12-30 22:34:24.452  INFO 9044 --- [RMI TCP Connection(3)-192.168.99.1] o.s.web.servlet.DispatcherServlet        : Completed initialization in 8 ms
2019-12-30 22:35:12.793  INFO 19748 --- [main] cinep.app.cinep.CinepApplication         : Starting CinepApplication on LAPTOP-BGLI22HP with PID 19748 (C:\Users\Ilja\IdeaProjects\cinep\out\production\classes started by Ilja in C:\Users\Ilja\IdeaProjects\cinep)
2019-12-30 22:35:12.798  INFO 19748 --- [main] cinep.app.cinep.CinepApplication         : No active profile set, falling back to default profiles: default
2019-12-30 22:35:13.727  INFO 19748 --- [main] .s.d.r.c.RepositoryConfigurationDelegate : Bootstrapping Spring Data repositories in DEFAULT mode.
2019-12-30 22:35:13.787  INFO 19748 --- [main] .s.d.r.c.RepositoryConfigurationDelegate : Finished Spring Data repository scanning in 53ms. Found 3 repository interfaces.
2019-12-30 22:35:14.019  INFO 19748 --- [main] trationDelegate$BeanPostProcessorChecker : Bean 'org.springframework.transaction.annotation.ProxyTransactionManagementConfiguration' of type [org.springframework.transaction.annotation.ProxyTransactionManagementConfiguration] is not eligible for getting processed by all BeanPostProcessors (for example: not eligible for auto-proxying)
2019-12-30 22:35:14.042  INFO 19748 --- [main] trationDelegate$BeanPostProcessorChecker : Bean 'org.springframework.security.config.annotation.configuration.ObjectPostProcessorConfiguration' of type [org.springframework.security.config.annotation.configuration.ObjectPostProcessorConfiguration] is not eligible for getting processed by all BeanPostProcessors (for example: not eligible for auto-proxying)
2019-12-30 22:35:14.046  INFO 19748 --- [main] trationDelegate$BeanPostProcessorChecker : Bean 'objectPostProcessor' of type [org.springframework.security.config.annotation.configuration.AutowireBeanFactoryObjectPostProcessor] is not eligible for getting processed by all BeanPostProcessors (for example: not eligible for auto-proxying)
2019-12-30 22:35:14.047  INFO 19748 --- [main] trationDelegate$BeanPostProcessorChecker : Bean 'org.springframework.security.access.expression.method.DefaultMethodSecurityExpressionHandler@49f40c00' of type [org.springframework.security.access.expression.method.DefaultMethodSecurityExpressionHandler] is not eligible for getting processed by all BeanPostProcessors (for example: not eligible for auto-proxying)
2019-12-30 22:35:14.048  INFO 19748 --- [main] trationDelegate$BeanPostProcessorChecker : Bean 'org.springframework.security.config.annotation.method.configuration.GlobalMethodSecurityConfiguration' of type [org.springframework.security.config.annotation.method.configuration.GlobalMethodSecurityConfiguration] is not eligible for getting processed by all BeanPostProcessors (for example: not eligible for auto-proxying)
2019-12-30 22:35:14.052  INFO 19748 --- [main] trationDelegate$BeanPostProcessorChecker : Bean 'methodSecurityMetadataSource' of type [org.springframework.security.access.method.DelegatingMethodSecurityMetadataSource] is not eligible for getting processed by all BeanPostProcessors (for example: not eligible for auto-proxying)
2019-12-30 22:35:14.247  INFO 19748 --- [main] o.s.b.w.embedded.tomcat.TomcatWebServer  : Tomcat initialized with port(s): 8080 (http)
2019-12-30 22:35:14.255  INFO 19748 --- [main] o.apache.catalina.core.StandardService   : Starting service [Tomcat]
2019-12-30 22:35:14.256  INFO 19748 --- [main] org.apache.catalina.core.StandardEngine  : Starting Servlet engine: [Apache Tomcat/9.0.27]
2019-12-30 22:35:14.934  INFO 19748 --- [main] o.a.c.c.C.[Tomcat].[localhost].[/api]    : Initializing Spring embedded WebApplicationContext
2019-12-30 22:35:14.935  INFO 19748 --- [main] o.s.web.context.ContextLoader            : Root WebApplicationContext: initialization completed in 2042 ms
2019-12-30 22:35:15.018  INFO 19748 --- [main] com.zaxxer.hikari.HikariDataSource       : HikariPool-1 - Starting...
2019-12-30 22:35:15.108  INFO 19748 --- [main] com.zaxxer.hikari.HikariDataSource       : HikariPool-1 - Start completed.
2019-12-30 22:35:15.113  INFO 19748 --- [main] o.s.b.a.h2.H2ConsoleAutoConfiguration    : H2 console available at '/h2'. Database available at 'jdbc:h2:file:C:/data/cinepDB'
2019-12-30 22:35:15.315  INFO 19748 --- [main] o.hibernate.jpa.internal.util.LogHelper  : HHH000204: Processing PersistenceUnitInfo [name: default]
2019-12-30 22:35:15.365  INFO 19748 --- [main] org.hibernate.Version                    : HHH000412: Hibernate Core {5.4.6.Final}
2019-12-30 22:35:15.466  INFO 19748 --- [main] o.hibernate.annotations.common.Version   : HCANN000001: Hibernate Commons Annotations {5.1.0.Final}
2019-12-30 22:35:15.539  INFO 19748 --- [main] org.hibernate.dialect.Dialect            : HHH000400: Using dialect: org.hibernate.dialect.H2Dialect
2019-12-30 22:35:16.086  INFO 19748 --- [main] o.h.e.t.j.p.i.JtaPlatformInitiator       : HHH000490: Using JtaPlatform implementation: [org.hibernate.engine.transaction.jta.platform.internal.NoJtaPlatform]
2019-12-30 22:35:16.092  INFO 19748 --- [main] j.LocalContainerEntityManagerFactoryBean : Initialized JPA EntityManagerFactory for persistence unit 'default'
2019-12-30 22:35:16.506  WARN 19748 --- [main] JpaBaseConfiguration$JpaWebConfiguration : spring.jpa.open-in-view is enabled by default. Therefore, database queries may be performed during view rendering. Explicitly configure spring.jpa.open-in-view to disable this warning
2019-12-30 22:35:16.640  INFO 19748 --- [main] o.s.s.web.DefaultSecurityFilterChain     : Creating filter chain: any request, [org.springframework.security.web.context.request.async.WebAsyncManagerIntegrationFilter@4b552b13, org.springframework.security.web.context.SecurityContextPersistenceFilter@7ea8224b, org.springframework.security.web.header.HeaderWriterFilter@25fcdcc6, org.springframework.security.web.authentication.logout.LogoutFilter@c414eb3, cinep.app.cinep.security.JwtRequestFilter@7acfcfc4, org.springframework.security.web.savedrequest.RequestCacheAwareFilter@623ded82, org.springframework.security.web.servletapi.SecurityContextHolderAwareRequestFilter@633cad4d, org.springframework.security.web.authentication.AnonymousAuthenticationFilter@524dd373, org.springframework.security.web.session.SessionManagementFilter@2fe2fcc2, org.springframework.security.web.access.ExceptionTranslationFilter@3c5bb37d, org.springframework.security.web.access.intercept.FilterSecurityInterceptor@5ef7ae2f]
2019-12-30 22:35:16.747  INFO 19748 --- [main] o.s.s.concurrent.ThreadPoolTaskExecutor  : Initializing ExecutorService 'applicationTaskExecutor'
2019-12-30 22:35:16.956  INFO 19748 --- [main] o.s.s.c.ThreadPoolTaskScheduler          : Initializing ExecutorService 'taskScheduler'
2019-12-30 22:35:16.965  INFO 19748 --- [main] o.s.b.a.e.web.EndpointLinksResolver      : Exposing 2 endpoint(s) beneath base path '/actuator'
2019-12-30 22:35:17.026  INFO 19748 --- [main] o.s.b.w.embedded.tomcat.TomcatWebServer  : Tomcat started on port(s): 8080 (http) with context path '/api'
2019-12-30 22:35:17.028  INFO 19748 --- [main] cinep.app.cinep.CinepApplication         : Started CinepApplication in 4.701 seconds (JVM running for 5.751)
2019-12-30 22:35:17.977  INFO 19748 --- [RMI TCP Connection(3)-192.168.99.1] o.a.c.c.C.[Tomcat].[localhost].[/api]    : Initializing Spring DispatcherServlet 'dispatcherServlet'
2019-12-30 22:35:17.977  INFO 19748 --- [RMI TCP Connection(3)-192.168.99.1] o.s.web.servlet.DispatcherServlet        : Initializing Servlet 'dispatcherServlet'
2019-12-30 22:35:17.984  INFO 19748 --- [RMI TCP Connection(3)-192.168.99.1] o.s.web.servlet.DispatcherServlet        : Completed initialization in 7 ms
